  Game.cpp
  HeightMap.cpp
c:\users\richard flores\desktop\school\2019-spring\itp380\flores-richard-itp380-20191\lab08\heightmap.cpp(25): warning C4244: 'argument': conversion from 'int' to 'float', possible loss of data
c:\users\richard flores\desktop\school\2019-spring\itp380\flores-richard-itp380-20191\lab08\heightmap.cpp(38): warning C4244: 'argument': conversion from 'int' to 'float', possible loss of data
c:\users\richard flores\desktop\school\2019-spring\itp380\flores-richard-itp380-20191\lab08\heightmap.cpp(43): warning C4244: 'argument': conversion from 'float' to 'int', possible loss of data
c:\users\richard flores\desktop\school\2019-spring\itp380\flores-richard-itp380-20191\lab08\heightmap.cpp(50): warning C4244: 'argument': conversion from 'float' to 'int', possible loss of data
c:\users\richard flores\desktop\school\2019-spring\itp380\flores-richard-itp380-20191\lab08\heightmap.cpp(50): warning C4244: 'return': conversion from 'int' to 'float', possible loss of data
  PlayerMovComp.cpp
  VehicleMovComp.cpp
c:\users\richard flores\desktop\school\2019-spring\itp380\flores-richard-itp380-20191\lab08\vehiclemovcomp.cpp(34): warning C4305: 'argument': truncation from 'double' to 'float'
  Generating Code...
  Game.vcxproj -> C:\Users\Richard Flores\Desktop\SCHOOL\2019-spring\itp380\flores-richard-itp380-20191\Lab08\Debug\Game.exe
  C:\Users\Richard Flores\Desktop\SCHOOL\2019-spring\itp380\flores-richard-itp380-20191\Lab08\\..\Libraries\SDL\lib\win\x86\libfreetype-6.dll
  C:\Users\Richard Flores\Desktop\SCHOOL\2019-spring\itp380\flores-richard-itp380-20191\Lab08\\..\Libraries\SDL\lib\win\x86\libogg-0.dll
  C:\Users\Richard Flores\Desktop\SCHOOL\2019-spring\itp380\flores-richard-itp380-20191\Lab08\\..\Libraries\SDL\lib\win\x86\libpng16-16.dll
  C:\Users\Richard Flores\Desktop\SCHOOL\2019-spring\itp380\flores-richard-itp380-20191\Lab08\\..\Libraries\SDL\lib\win\x86\libvorbis-0.dll
  C:\Users\Richard Flores\Desktop\SCHOOL\2019-spring\itp380\flores-richard-itp380-20191\Lab08\\..\Libraries\SDL\lib\win\x86\libvorbisfile-3.dll
  C:\Users\Richard Flores\Desktop\SCHOOL\2019-spring\itp380\flores-richard-itp380-20191\Lab08\\..\Libraries\SDL\lib\win\x86\SDL2.dll
  C:\Users\Richard Flores\Desktop\SCHOOL\2019-spring\itp380\flores-richard-itp380-20191\Lab08\\..\Libraries\SDL\lib\win\x86\SDL2_image.dll
  C:\Users\Richard Flores\Desktop\SCHOOL\2019-spring\itp380\flores-richard-itp380-20191\Lab08\\..\Libraries\SDL\lib\win\x86\SDL2_mixer.dll
  C:\Users\Richard Flores\Desktop\SCHOOL\2019-spring\itp380\flores-richard-itp380-20191\Lab08\\..\Libraries\SDL\lib\win\x86\SDL2_ttf.dll
  C:\Users\Richard Flores\Desktop\SCHOOL\2019-spring\itp380\flores-richard-itp380-20191\Lab08\\..\Libraries\SDL\lib\win\x86\zlib1.dll
  10 File(s) copied
  C:\Users\Richard Flores\Desktop\SCHOOL\2019-spring\itp380\flores-richard-itp380-20191\Lab08\\..\Libraries\GLEW\lib\win\x86\glew32.dll
  1 File(s) copied
